2024-06-26 11:30:10.539 -0400	START		Running TestCases/Regular/basicExataFunctionalityCheck.script	22	on_startregulartests	TestCases/Regular/testLauncher.script
2024-06-26 11:30:10.569 -0400	BeginTestCase		basicEXataFunctionalityCheck	2	on_basicexatafunctionalitycheck	TestCases/Regular/basicExataFunctionalityCheck.script
2024-06-26 11:30:10.760 -0400	CompareScreen	[Baseline_Screens]/GUI_Canvas_Windows26 6 2024 _ 11 29 49.png	CompareScreen "GUI_Canvas_Windows26 6 2024 _ 11 29 49" -- No significant differences from baseline	3	on_compare_screen	Common/check.script
2024-06-26 11:30:10.869 -0400	CompareScreen	[Baseline_Screens]/GUI_Canvas_Windows26 6 2024 _ 11 29 49.png	CompareScreen "GUI_Canvas_Windows26 6 2024 _ 11 29 49" -- No significant differences from baseline	3	function_compare_screen	Common/check.script
2024-06-26 11:30:12.862 -0400	click	selectTool	at (130, 94)	4	on_validate	Common/clickEvent.script
2024-06-26 11:30:12.892 -0400	LogSuccess		Select tool is present in Navigation Toolbar	2	on_success	Common/cLog.script
2024-06-26 11:30:14.314 -0400	click	nodeDevice	at (51, 222)	4	on_leftevent	Common/clickEvent.script
2024-06-26 11:30:17.078 -0400	click		at (917, 429)	3	on_clickscaled	Common/clickEvent.script
2024-06-26 11:30:19.234 -0400	click		at (1253, 770)	3	on_clickscaled	Common/clickEvent.script
2024-06-26 11:30:19.291 -0400	Log		Global Click Coordinates: [{key:1, value:"0.4775-0.3975"},{key:2, value:"0.6525-0.7125"}]	2	on_cmessage	Common/cLog.script
2024-06-26 11:30:23.120 -0400	click	selectTool	at (130, 94)	4	on_leftevent	Common/clickEvent.script
2024-06-26 11:30:23.416 -0400	set		SEARCHRECTANGLE = [[193.92,738.72],[1034.88,1075.68]]	3	on_setsearchsection	Common/search.script
2024-06-26 11:30:23.944 -0400	imagefound	(TEXT:"Table View")	found at (253, 1008)	7	on_onfoundimagelocation	Common/clickEvent.script
2024-06-26 11:30:25.870 -0400	click		at (253, 1008)	8	on_onfoundimagelocation	Common/clickEvent.script
2024-06-26 11:30:25.893 -0400	set		SEARCHRECTANGLE = 	2	on_clearsearchsection	Common/search.script
2024-06-26 11:30:26.225 -0400	set		SEARCHRECTANGLE = [[193.92,738.72],[1034.88,1075.68]]	3	on_setsearchsection	Common/search.script
2024-06-26 11:30:26.432 -0400	imagefound	(TEXT:"Nodes")	found at (244, 743)	7	on_onfoundimagelocation	Common/clickEvent.script
2024-06-26 11:30:27.403 -0400	click		at (244, 743)	8	on_onfoundimagelocation	Common/clickEvent.script
2024-06-26 11:30:27.424 -0400	set		SEARCHRECTANGLE = 	2	on_clearsearchsection	Common/search.script
2024-06-26 11:30:27.706 -0400	set		SEARCHRECTANGLE = [[205.44,758.16],[412.8,1034.64]]	3	on_setsearchsection	Common/search.script
2024-06-26 11:30:27.886 -0400	imagefound	(TEXT:"2")	found at (241, 834)	9	function_isimagetextfound	Common/check.script
2024-06-26 11:30:28.627 -0400	moveto	(TEXT:"2")	at (241, 834)	10	function_isimagetextfound	Common/check.script
2024-06-26 11:30:28.665 -0400	LogSuccess		2  is found in NodesIdView	2	on_success	Common/cLog.script
2024-06-26 11:30:28.702 -0400	set		SEARCHRECTANGLE = 	2	on_clearsearchsection	Common/search.script
2024-06-26 11:30:28.810 -0400	LogSuccess		node placement validated successfully	2	on_success	Common/cLog.script
2024-06-26 11:30:28.988 -0400	set		SEARCHRECTANGLE = [[193.92,738.72],[1034.88,1075.68]]	3	on_setsearchsection	Common/search.script
2024-06-26 11:30:29.220 -0400	imagefound	(TEXT:"Table View")	found at (253, 1008)	7	on_onfoundimagelocation	Common/clickEvent.script
2024-06-26 11:30:30.033 -0400	click		at (253, 1008)	8	on_onfoundimagelocation	Common/clickEvent.script
2024-06-26 11:30:30.057 -0400	set		SEARCHRECTANGLE = 	2	on_clearsearchsection	Common/search.script
2024-06-26 11:30:30.158 -0400	set		SEARCHRECTANGLE = 	2	on_clearsearchsection	Common/search.script
2024-06-26 11:30:31.721 -0400	click	links	at (52, 853)	4	on_validate	Common/clickEvent.script
2024-06-26 11:30:31.756 -0400	LogSuccess		Links is present in Links toolbar	2	on_success	Common/cLog.script
2024-06-26 11:30:32.851 -0400	click	links	at (53, 854)	4	on_leftevent	Common/clickEvent.script
2024-06-26 11:30:35.890 -0400	moveto		at (917, 429)	4	on_draganddropitem	EXataGUI/actions/canvas.script
2024-06-26 11:30:36.895 -0400	mousebuttondown		Button:1	6	on_draganddropitem	EXataGUI/actions/canvas.script
2024-06-26 11:30:38.958 -0400	moveto		at (1253, 770)	8	on_draganddropitem	EXataGUI/actions/canvas.script
2024-06-26 11:30:39.964 -0400	mousebuttonup		Button:1	10	on_draganddropitem	EXataGUI/actions/canvas.script
2024-06-26 11:30:40.201 -0400	set		SEARCHRECTANGLE = [[193.92,738.72],[1034.88,1075.68]]	3	on_setsearchsection	Common/search.script
2024-06-26 11:30:40.485 -0400	imagefound	(TEXT:"Table View")	found at (253, 1008)	7	on_onfoundimagelocation	Common/clickEvent.script
2024-06-26 11:30:42.977 -0400	click		at (253, 1008)	8	on_onfoundimagelocation	Common/clickEvent.script
2024-06-26 11:30:42.998 -0400	set		SEARCHRECTANGLE = 	2	on_clearsearchsection	Common/search.script
2024-06-26 11:30:43.223 -0400	set		SEARCHRECTANGLE = [[193.92,738.72],[1034.88,1075.68]]	3	on_setsearchsection	Common/search.script
2024-06-26 11:30:43.388 -0400	imagefound	(TEXT:"Networks")	found at (438, 744)	7	on_onfoundimagelocation	Common/clickEvent.script
2024-06-26 11:30:44.834 -0400	click		at (438, 744)	8	on_onfoundimagelocation	Common/clickEvent.script
2024-06-26 11:30:44.862 -0400	set		SEARCHRECTANGLE = 	2	on_clearsearchsection	Common/search.script
2024-06-26 11:30:45.079 -0400	set		SEARCHRECTANGLE = [[1009.92,714.96],[1906.56,1062.72]]	3	on_setsearchsection	Common/search.script
2024-06-26 11:30:45.250 -0400	imagefound	(TEXT:"LINK1")	found at (1517, 805)	9	function_isimagetextfound	Common/check.script
2024-06-26 11:30:47.690 -0400	moveto	(TEXT:"LINK1")	at (1517, 805)	10	function_isimagetextfound	Common/check.script
2024-06-26 11:30:47.732 -0400	LogSuccess		LINK1  is found in LinkUuidView	2	on_success	Common/cLog.script
2024-06-26 11:30:47.806 -0400	set		SEARCHRECTANGLE = 	2	on_clearsearchsection	Common/search.script
2024-06-26 11:30:47.919 -0400	LogSuccess		link between nodes validated successfully	2	on_success	Common/cLog.script
2024-06-26 11:30:48.089 -0400	set		SEARCHRECTANGLE = [[193.92,738.72],[1034.88,1075.68]]	3	on_setsearchsection	Common/search.script
2024-06-26 11:30:48.319 -0400	imagefound	(TEXT:"Table View")	found at (253, 1008)	7	on_onfoundimagelocation	Common/clickEvent.script
2024-06-26 11:30:51.066 -0400	click		at (253, 1008)	8	on_onfoundimagelocation	Common/clickEvent.script
2024-06-26 11:30:51.093 -0400	set		SEARCHRECTANGLE = 	2	on_clearsearchsection	Common/search.script
2024-06-26 11:30:51.219 -0400	set		SEARCHRECTANGLE = 	2	on_clearsearchsection	Common/search.script
2024-06-26 11:30:52.465 -0400	click	CBR	at (165, 933)	4	on_validate	Common/clickEvent.script
2024-06-26 11:30:52.504 -0400	LogSuccess		CBR is present in Applications toolbar	2	on_success	Common/cLog.script
2024-06-26 11:30:53.605 -0400	click	CBR	at (166, 934)	4	on_leftevent	Common/clickEvent.script
2024-06-26 11:30:56.603 -0400	moveto		at (917, 429)	4	on_draganddropitem	EXataGUI/actions/canvas.script
2024-06-26 11:30:57.609 -0400	mousebuttondown		Button:1	6	on_draganddropitem	EXataGUI/actions/canvas.script
2024-06-26 11:30:59.678 -0400	moveto		at (1253, 770)	8	on_draganddropitem	EXataGUI/actions/canvas.script
2024-06-26 11:31:00.681 -0400	mousebuttonup		Button:1	10	on_draganddropitem	EXataGUI/actions/canvas.script
2024-06-26 11:31:00.882 -0400	set		SEARCHRECTANGLE = [[193.92,738.72],[1034.88,1075.68]]	3	on_setsearchsection	Common/search.script
2024-06-26 11:31:01.097 -0400	imagefound	(TEXT:"Table View")	found at (253, 1008)	7	on_onfoundimagelocation	Common/clickEvent.script
2024-06-26 11:31:03.695 -0400	click		at (253, 1008)	8	on_onfoundimagelocation	Common/clickEvent.script
2024-06-26 11:31:03.726 -0400	set		SEARCHRECTANGLE = 	2	on_clearsearchsection	Common/search.script
2024-06-26 11:31:04.012 -0400	set		SEARCHRECTANGLE = [[193.92,738.72],[1034.88,1075.68]]	3	on_setsearchsection	Common/search.script
2024-06-26 11:31:04.239 -0400	imagefound	(TEXT:"Application")	found at (510, 745)	7	on_onfoundimagelocation	Common/clickEvent.script
2024-06-26 11:31:05.625 -0400	click		at (510, 745)	8	on_onfoundimagelocation	Common/clickEvent.script
2024-06-26 11:31:05.662 -0400	set		SEARCHRECTANGLE = 	2	on_clearsearchsection	Common/search.script
2024-06-26 11:31:05.884 -0400	set		SEARCHRECTANGLE = [[1228.8,820.8],[860.16,1026]]	3	on_setsearchsection	Common/search.script
2024-06-26 11:32:06.002 -0400	imagefound	(TEXT:"2")	Unable to Find Image (TEXT:"2"). Text not found.	9	function_isimagetextfound	Common/check.script
2024-06-26 11:32:06.098 -0400	LogError		Image text not found: 2	2	on_cerror	Common/cLog.script
2024-06-26 11:32:06.128 -0400	Throw		ImageTextNotFoundException:  - 2:not found	17	function_isimagetextfound	Common/check.script
2024-06-26 11:32:06.161 -0400	LogError		isImageTextFound failed: 2:not found	2	on_cerror	Common/cLog.script
2024-06-26 11:32:06.197 -0400	Throw		ImageTextNotFoundException:  - 2:not found	26	function_isimagetextfound	Common/check.script
2024-06-26 11:32:06.245 -0400	LogError		validation of Traffic between nodes failed:2:not found	2	on_cerror	Common/cLog.script
2024-06-26 11:32:06.272 -0400	Throw		ImageTextNotFoundException:  - 2:not found	14	on_trafficadded	Common/check.script
2024-06-26 11:32:06.314 -0400	LogError		Adding traffic to the nodes failed:2:not found	2	on_cerror	Common/cLog.script
2024-06-26 11:32:06.351 -0400	Throw		ImageTextNotFoundException:  - 2:not found	20	on_createtraffic	EXataGUI/actions/canvas.script
2024-06-26 11:32:06.400 -0400	LogError		Error in running basicEXataFunctionalityCheck TestCase	2	on_cerror	Common/cLog.script
2024-06-26 11:32:06.439 -0400	Throw		ImageTextNotFoundException:  - 2:not found	34	on_basicexatafunctionalitycheck	TestCases/Regular/basicExataFunctionalityCheck.script
2024-06-26 11:32:06.445 -0400	EndTestCase		(Duration:"115.876", Errors:"6", Exceptions:"5", StartTime:"2024-06-26 11:30:10 -0400", Successes:"7", TestCase:"basicEXataFunctionalityCheck", Warnings:"0")	22	on_startregulartests	TestCases/Regular/testLauncher.script
2024-06-26 11:32:06.451 -0400	EndTestCase		(Duration:"115.908", Errors:"6", Exceptions:"5", StartTime:"2024-06-26 11:30:10 -0400", Successes:"7", TestCase:"TestCases/Regular/basicExataFunctionalityCheck.script", Warnings:"0")	22	on_startregulartests	TestCases/Regular/testLauncher.script
2024-06-26 11:32:06.540 -0400	FAILURE	Screen_Error.png	ImageTextNotFoundException: : 2:not found -- Execution Time 0:01:55 TestCases/Regular/basicExataFunctionalityCheck.script	22	on_startregulartests	TestCases/Regular/testLauncher.script
