<?xml version="1.0" encoding="UTF-8" ?>
<testsuites>
 <testsuite name="TestCases/Regular/verifyToolsMenu_script" package="exatagui.suite" timestamp="2024-06-27 12:08:49.625 -0400"
 tests="2"  failures="0" errors="0" time="54.335000">
  <properties>
   <property name="RunDate" value="2024-06-27 12:08:49.625 -0400"/>
   <property name="Status" value="Aborted"/>
  </properties>
  <testcase name="TestCases/Regular/verifyToolsMenu.script" assertions="26" status="error"  time="54.324">
    <error type="Exception" message="Searching For Image: OCR Error: Operation was aborted" />
  </testcase>
  <testcase name="verifyToolsMenu" assertions="26" status="error"  time="54.267">
    <error type="Exception" message="Searching For Image: OCR Error: Operation was aborted" />
  </testcase>
 </testsuite>
</testsuites>
