<?xml version="1.0" encoding="UTF-8" ?>
<testsuites>
 <testsuite name="main_script" package="exatagui.suite" timestamp="2024-06-24 18:13:15.659 -0400"
 tests="1"  failures="2" errors="3" time="393.849000">
  <properties>
   <property name="RunDate" value="2024-06-24 18:13:15.659 -0400"/>
   <property name="Status" value="Aborted"/>
  </properties>
  <testcase name="main.script" assertions="39" status="error"  time="393.841">
    <failure type="LogError" message="TestCases/Regular/verifySaveFunctionality FAIL" />
    <failure type="LogError" message="main script failed:Image Not Found -- click Error - No Text Found On Screen: &quot;(TEXT:&quot;seconds&quot;)&quot;. Text not found.  Restricted Search Rectangle ((480,0),(1440,1080))\n" />
    <error type="Exception" message="Searching For Image: OCR Error: Operation was aborted" />
  </testcase>
 </testsuite>
</testsuites>
