<?xml version="1.0" encoding="UTF-8" ?>
<testsuites>
 <testsuite name="main_script" package="exatagui.suite" timestamp="2024-06-24 18:02:47.101 -0400"
 tests="1"  failures="3" errors="2" time="216.810000">
  <properties>
   <property name="RunDate" value="2024-06-24 18:02:47.101 -0400"/>
   <property name="Status" value="Failure"/>
  </properties>
  <testcase name="main.script" assertions="26" status="error"  time="216.803">
    <failure type="LogError" message="TestCases/Regular/verifySaveFunctionality FAIL" />
    <failure type="LogError" message="main script failed:SenseTalk Compiler Exception -- in &lt;do&gt;:\nSyntax Error at line 1: can&apos;t understand &quot;3&quot; at character 1" />
    <failure type="FAILURE" message="Script Error: Number of Errors logged: 2 -- Execution Time 0:03:36 main.script" />
    <error type="Throw" message="verifySaveFunctionality - SenseTalk Compiler Exception -- in &lt;do&gt;:\nSyntax Error at line 1: can&apos;t understand &quot;3&quot; at character 1" />
  </testcase>
 </testsuite>
</testsuites>
