<?xml version="1.0" encoding="UTF-8" ?>
<testsuites>
 <testsuite name="TestCases/Regular/verifySaveFunctionality_script" package="exatagui.suite" timestamp="2024-06-24 18:13:34.385 -0400"
 tests="2"  failures="4" errors="4" time="364.207000">
  <properties>
   <property name="RunDate" value="2024-06-24 18:13:34.385 -0400"/>
   <property name="Status" value="Failure"/>
  </properties>
  <testcase name="verifySaveFunctionality" assertions="35" status="error"  time="364.179">
    <failure type="LogError" message="leftClick failed for: seconds" />
    <failure type="LogError" message="editScenarioProperties failed:click Error - No Text Found On Screen: &quot;(TEXT:&quot;seconds&quot;)&quot;. Text not found.  Restricted Search Rectangle ((480,0),(1440,1080))\n" />
    <failure type="LogError" message="Error in running verifySaveFunctionality testcase" />
    <error type="Throw" message="Image Not Found - click Error - No Text Found On Screen: &quot;(TEXT:&quot;seconds&quot;)&quot;. Text not found.  Restricted Search Rectangle ((480,0),(1440,1080))\n" />
  </testcase>
  <testcase name="TestCases/Regular/verifySaveFunctionality.script" assertions="35" status="error"  time="364.203">
    <failure type="LogError" message="leftClick failed for: seconds" />
    <failure type="LogError" message="editScenarioProperties failed:click Error - No Text Found On Screen: &quot;(TEXT:&quot;seconds&quot;)&quot;. Text not found.  Restricted Search Rectangle ((480,0),(1440,1080))\n" />
    <failure type="LogError" message="Error in running verifySaveFunctionality testcase" />
    <failure type="FAILURE" message="Image Not Found: click Error - No Text Found On Screen: &quot;(TEXT:&quot;seconds&quot;)&quot;. Text not found.  Restricted Search Rectangle ((480,0),(1440,1080))\n -- Execution Time 0:06:04 TestCases/Regular/verifySaveFunctionality.script" />
    <error type="Throw" message="Image Not Found - click Error - No Text Found On Screen: &quot;(TEXT:&quot;seconds&quot;)&quot;. Text not found.  Restricted Search Rectangle ((480,0),(1440,1080))\n" />
  </testcase>
 </testsuite>
</testsuites>
