2024-06-06 10:46:19.051 -0400	START		Running TestCases/Regular/closeUnsavedScenario.script	22	on_startregulartests	TestCases/Regular/testLauncher.script
2024-06-06 10:46:19.452 -0400	BeginTestCase		closeUnsavedScenario	3	on_closeunsavedscenario	TestCases/Regular/closeUnsavedScenario.script
2024-06-06 10:46:34.995 -0400	CompareScreen	[Baseline_Screens]/GUI_Canvas_Windows6 6 2024 _ 10 44 56.png	CompareScreen "GUI_Canvas_Windows6 6 2024 _ 10 44 56" -- No significant differences from baseline	3	on_compare_screen	Common/check.script
2024-06-06 10:46:36.471 -0400	CompareScreen	[Baseline_Screens]/GUI_Canvas_Windows6 6 2024 _ 10 44 56.png	CompareScreen "GUI_Canvas_Windows6 6 2024 _ 10 44 56" -- No significant differences from baseline	3	function_compare_screen	Common/check.script
2024-06-06 10:47:07.670 -0400	click	Select_tool	at (130, 92)	4	on_validate	Common/clickEvent.script
2024-06-06 10:47:09.700 -0400	LogSuccess		Select tool is present in Navigation Toolbar	2	on_success	Common/cLog.script
2024-06-06 10:47:17.894 -0400	click	node_device	at (51, 222)	4	on_leftevent	Common/clickEvent.script
2024-06-06 10:47:36.695 -0400	click		at (1085, 599)	3	on_clickscaled	Common/clickEvent.script
2024-06-06 10:47:44.228 -0400	Log		Global Click Coordinates: [{key:1, value:"0.565-0.555"}]	2	on_cmessage	Common/cLog.script
2024-06-06 10:47:50.782 -0400	click	Select_Tool	at (130, 92)	4	on_leftevent	Common/clickEvent.script
2024-06-06 10:48:09.621 -0400	set		SEARCHRECTANGLE = [[211.2,993.6],[288,1026]]	3	on_setsearchsection	Common/search.script
2024-06-06 10:48:11.486 -0400	imagefound	(TEXT:"Table View")	found at (253, 1008)	7	on_onfoundimagelocation	Common/clickEvent.script
2024-06-06 10:48:13.277 -0400	click		at (253, 1008)	8	on_onfoundimagelocation	Common/clickEvent.script
2024-06-06 10:48:16.861 -0400	set		SEARCHRECTANGLE = 	2	on_clearsearchsection	Common/search.script
2024-06-06 10:48:29.134 -0400	set		SEARCHRECTANGLE = [[230.4,723.6],[268.8,766.8]]	3	on_setsearchsection	Common/search.script
2024-06-06 10:48:30.529 -0400	imagefound	(TEXT:"Nodes")	found at (244, 743)	7	on_onfoundimagelocation	Common/clickEvent.script
2024-06-06 10:48:31.621 -0400	click		at (244, 743)	8	on_onfoundimagelocation	Common/clickEvent.script
2024-06-06 10:48:33.909 -0400	set		SEARCHRECTANGLE = 	2	on_clearsearchsection	Common/search.script
2024-06-06 10:48:46.878 -0400	set		SEARCHRECTANGLE = [[230.4,766.8],[307.2,993.6]]	3	on_setsearchsection	Common/search.script
2024-06-06 10:49:33.216 -0400	imagefound	(TEXT:"1")	Unable to Find Image (TEXT:"1"). Text not found.	9	function_isimagetextfound	Common/check.script
2024-06-06 10:49:39.069 -0400	LogError		Image text not found: 1	2	on_cerror	Common/cLog.script
2024-06-06 10:49:56.172 -0400	Throw		ImageTextNotFoundException:  - 1:not found	17	function_isimagetextfound	Common/check.script
2024-06-06 10:49:58.188 -0400	LogError		isImageTextFound failed: 1:not found	2	on_cerror	Common/cLog.script
2024-06-06 10:49:59.309 -0400	Throw		ImageTextNotFoundException:  - 1:not found	26	function_isimagetextfound	Common/check.script
2024-06-06 10:50:01.021 -0400	LogError		validation of Node Placement failed:1:not found	2	on_cerror	Common/cLog.script
2024-06-06 10:50:02.029 -0400	Throw		ImageTextNotFoundException:  - 1:not found	15	on_nodesplacement	Common/check.script
2024-06-06 10:50:03.204 -0400	LogError		addNodes failed: 1:not found	2	on_cerror	Common/cLog.script
2024-06-06 10:50:03.596 -0400	Throw		ImageTextNotFoundException:  - 1:not found	63	on_addnodes	EXataGUI/actions/canvas.script
2024-06-06 10:50:04.309 -0400	LogError		 Error in Running closeUnsavedScenario TestCase	2	on_cerror	Common/cLog.script
2024-06-06 10:50:04.661 -0400	Throw		ImageTextNotFoundException:  - 1:not found	25	on_closeunsavedscenario	TestCases/Regular/closeUnsavedScenario.script
2024-06-06 10:50:04.667 -0400	EndTestCase		(Duration:"225.215", Errors:"6", Exceptions:"5", StartTime:"2024-06-06 10:46:19 -0400", Successes:"1", TestCase:"closeUnsavedScenario", Warnings:"0")	22	on_startregulartests	TestCases/Regular/testLauncher.script
2024-06-06 10:50:04.672 -0400	EndTestCase		(Duration:"225.616", Errors:"6", Exceptions:"5", StartTime:"2024-06-06 10:46:19 -0400", Successes:"1", TestCase:"TestCases/Regular/closeUnsavedScenario.script", Warnings:"0")	22	on_startregulartests	TestCases/Regular/testLauncher.script
2024-06-06 10:50:04.781 -0400	FAILURE	Screen_Error.png	ImageTextNotFoundException: : 1:not found -- Execution Time 0:03:45 TestCases/Regular/closeUnsavedScenario.script	22	on_startregulartests	TestCases/Regular/testLauncher.script
