<?xml version="1.0" encoding="UTF-8" ?>
<testsuites>
 <testsuite name="TestCases/Regular/basicExataFunctionalityCheck_script" package="exatagui.suite" timestamp="2024-06-27 09:55:42.355 -0400"
 tests="2"  failures="5" errors="5" time="104.360000">
  <properties>
   <property name="RunDate" value="2024-06-27 09:55:42.355 -0400"/>
   <property name="Status" value="Failure"/>
  </properties>
  <testcase name="basicEXataFunctionalityCheck" assertions="19" status="error"  time="104.317">
    <failure type="LogError" message="isImageTextFound failed: moveto Error - No Text Found On Screen: &quot;(TEXT:&quot;Save Scenario&quot;)&quot;. Text not found.  Restricted Search Rectangle ((480,270),(1440,810))\n" />
    <failure type="LogError" message="Save As failed: moveto Error - No Text Found On Screen: &quot;(TEXT:&quot;Save Scenario&quot;)&quot;. Text not found.  Restricted Search Rectangle ((480,270),(1440,810))\n" />
    <failure type="LogError" message="saveTheScenario failed: sample" />
    <failure type="LogError" message="Error in running basicEXataFunctionalityCheck TestCase" />
    <error type="Throw" message="Image Not Found - moveto Error - No Text Found On Screen: &quot;(TEXT:&quot;Save Scenario&quot;)&quot;. Text not found.  Restricted Search Rectangle ((480,270),(1440,810))\n" />
  </testcase>
  <testcase name="TestCases/Regular/basicExataFunctionalityCheck.script" assertions="19" status="error"  time="104.351">
    <failure type="LogError" message="isImageTextFound failed: moveto Error - No Text Found On Screen: &quot;(TEXT:&quot;Save Scenario&quot;)&quot;. Text not found.  Restricted Search Rectangle ((480,270),(1440,810))\n" />
    <failure type="LogError" message="Save As failed: moveto Error - No Text Found On Screen: &quot;(TEXT:&quot;Save Scenario&quot;)&quot;. Text not found.  Restricted Search Rectangle ((480,270),(1440,810))\n" />
    <failure type="LogError" message="saveTheScenario failed: sample" />
    <failure type="LogError" message="Error in running basicEXataFunctionalityCheck TestCase" />
    <failure type="FAILURE" message="Image Not Found: moveto Error - No Text Found On Screen: &quot;(TEXT:&quot;Save Scenario&quot;)&quot;. Text not found.  Restricted Search Rectangle ((480,270),(1440,810))\n -- Execution Time 0:01:44 TestCases/Regular/basicExataFunctionalityCheck.script" />
    <error type="Throw" message="Image Not Found - moveto Error - No Text Found On Screen: &quot;(TEXT:&quot;Save Scenario&quot;)&quot;. Text not found.  Restricted Search Rectangle ((480,270),(1440,810))\n" />
  </testcase>
 </testsuite>
</testsuites>
