<?xml version="1.0" encoding="UTF-8" ?>
<testsuites>
 <testsuite name="main_script" package="exatagui.suite" timestamp="2024-06-24 14:02:14.274 -0400"
 tests="1"  failures="3" errors="2" time="1159.528000">
  <properties>
   <property name="RunDate" value="2024-06-24 14:02:14.274 -0400"/>
   <property name="Status" value="Failure"/>
  </properties>
  <testcase name="main.script" assertions="243" status="error"  time="1159.52">
    <failure type="LogError" message="TestCases/Regular/verifySaveFunctionality FAIL" />
    <failure type="LogError" message="main script failed:Image Not Found -- click Error - No Text Found On Screen: &quot;(TEXT:&quot;seconds&quot;)&quot;. Text not found.  Restricted Search Rectangle ((480,0),(1440,1080))\n" />
    <failure type="FAILURE" message="Script Error: Number of Errors logged: 2 -- Execution Time 0:19:19 main.script" />
    <error type="Throw" message="verifySaveFunctionality - Image Not Found -- click Error - No Text Found On Screen: &quot;(TEXT:&quot;seconds&quot;)&quot;. Text not found.  Restricted Search Rectangle ((480,0),(1440,1080))\n" />
  </testcase>
 </testsuite>
</testsuites>
