<?xml version="1.0" encoding="UTF-8" ?>
<testsuites>
 <testsuite name="main_script" package="exatagui.suite" timestamp="2024-06-27 09:55:17.942 -0400"
 tests="1"  failures="3" errors="2" time="146.201000">
  <properties>
   <property name="RunDate" value="2024-06-27 09:55:17.942 -0400"/>
   <property name="Status" value="Failure"/>
  </properties>
  <testcase name="main.script" assertions="22" status="error"  time="146.194">
    <failure type="LogError" message="TestCases/Regular/basicEXataFunctionalityCheck FAIL" />
    <failure type="LogError" message="main script failed:Image Not Found -- moveto Error - No Text Found On Screen: &quot;(TEXT:&quot;Save Scenario&quot;)&quot;. Text not found.  Restricted Search Rectangle ((480,270),(1440,810))\n" />
    <failure type="FAILURE" message="Script Error: Number of Errors logged: 2 -- Execution Time 0:02:26 main.script" />
    <error type="Throw" message="basicEXataFunctionalityCheck - Image Not Found -- moveto Error - No Text Found On Screen: &quot;(TEXT:&quot;Save Scenario&quot;)&quot;. Text not found.  Restricted Search Rectangle ((480,270),(1440,810))\n" />
  </testcase>
 </testsuite>
</testsuites>
