<?xml version="1.0" encoding="UTF-8" ?>
<testsuites>
 <testsuite name="main_script" package="exatagui.suite" timestamp="2024-06-27 09:52:40.696 -0400"
 tests="1"  failures="2" errors="3" time="142.197000">
  <properties>
   <property name="RunDate" value="2024-06-27 09:52:40.696 -0400"/>
   <property name="Status" value="Aborted"/>
  </properties>
  <testcase name="main.script" assertions="17" status="error"  time="142.19">
    <failure type="LogError" message="TestCases/Regular/basicEXataFunctionalityCheck FAIL" />
    <failure type="LogError" message="main script failed:ImageTextNotFoundException:  -- 2:not found" />
    <error type="Exception" message="Searching For Image: OCR Error: Operation was aborted" />
  </testcase>
 </testsuite>
</testsuites>
