<?xml version="1.0" encoding="UTF-8" ?>
<testsuites>
 <testsuite name="main_script" package="exatagui.suite" timestamp="2024-06-28 11:24:29.716 -0400"
 tests="2"  failures="2" errors="3" time="465.770000">
  <properties>
   <property name="RunDate" value="2024-06-28 11:24:29.716 -0400"/>
   <property name="Status" value="Aborted"/>
  </properties>
  <testcase name="hideTaskBar" assertions="2" status="success"  time="72.185">
  </testcase>
  <testcase name="main.script" assertions="27" status="error"  time="465.755">
    <failure type="LogError" message="TestCases/Regular/basicEXataFunctionalityCheck FAIL" />
    <failure type="LogError" message="main script failed:ImageTextNotFoundException:  -- sample:not found" />
    <error type="Exception" message="Searching For Image: OCR Error: Operation was aborted" />
  </testcase>
 </testsuite>
</testsuites>
