2024-06-04 14:28:13.173 -0400	START		Running TestCases/Regular/closeUnsavedScenario.script	22	on_startregulartests	TestCases/Regular/testLauncher.script
2024-06-04 14:28:13.192 -0400	BeginTestCase		closeUnsavedScenario	3	on_closeunsavedscenario	TestCases/Regular/closeUnsavedScenario.script
2024-06-04 14:28:13.373 -0400	CompareScreen	[Baseline_Screens]/GUI_Canvas_Windows4 6 2024 _ 14 27 25.png	CompareScreen "GUI_Canvas_Windows4 6 2024 _ 14 27 25" -- No significant differences from baseline	3	on_compare_screen	Common/check.script
2024-06-04 14:28:13.507 -0400	CompareScreen	[Baseline_Screens]/GUI_Canvas_Windows4 6 2024 _ 14 27 25.png	CompareScreen "GUI_Canvas_Windows4 6 2024 _ 14 27 25" -- No significant differences from baseline	3	function_compare_screen	Common/check.script
2024-06-04 14:28:14.194 -0400	click	Select_tool	at (130, 92)	4	on_validate	Common/clickEvent.script
2024-06-04 14:28:14.215 -0400	LogSuccess		Select tool is present in Navigation Toolbar	2	on_success	Common/cLog.script
2024-06-04 14:28:15.661 -0400	click	node_device	at (51, 222)	4	on_leftevent	Common/clickEvent.script
2024-06-04 14:28:18.937 -0400	click		at (1085, 599)	3	on_clickscaled	Common/clickEvent.script
2024-06-04 14:28:18.996 -0400	Log		Global Click Coordinates: [{key:1, value:"0.565-0.555"}]	2	on_cmessage	Common/cLog.script
2024-06-04 14:28:22.361 -0400	click	Select_Tool	at (130, 92)	4	on_leftevent	Common/clickEvent.script
2024-06-04 14:28:22.637 -0400	set		SEARCHRECTANGLE = [[211.2,993.6],[288,1026]]	3	on_setsearchsection	Common/search.script
2024-06-04 14:28:22.766 -0400	imagefound	(TEXT:"Table View")	found at (253, 1008)	7	on_onfoundimagelocation	Common/clickEvent.script
2024-06-04 14:28:25.158 -0400	click		at (253, 1008)	8	on_onfoundimagelocation	Common/clickEvent.script
2024-06-04 14:28:25.180 -0400	set		SEARCHRECTANGLE = 	2	on_clearsearchsection	Common/search.script
2024-06-04 14:28:25.529 -0400	set		SEARCHRECTANGLE = [[230.4,723.6],[268.8,766.8]]	3	on_setsearchsection	Common/search.script
2024-06-04 14:28:25.669 -0400	imagefound	(TEXT:"Nodes")	found at (244, 743)	7	on_onfoundimagelocation	Common/clickEvent.script
2024-06-04 14:28:26.698 -0400	click		at (244, 743)	8	on_onfoundimagelocation	Common/clickEvent.script
2024-06-04 14:28:26.716 -0400	set		SEARCHRECTANGLE = 	2	on_clearsearchsection	Common/search.script
2024-06-04 14:28:27.081 -0400	set		SEARCHRECTANGLE = [[230.4,766.8],[307.2,993.6]]	3	on_setsearchsection	Common/search.script
2024-06-04 14:29:07.240 -0400	imagefound	(TEXT:"1")	Unable to Find Image (TEXT:"1"). Text not found.	9	function_isimagetextfound	Common/check.script
2024-06-04 14:29:07.309 -0400	LogError		Image text not found: 1	2	on_cerror	Common/cLog.script
2024-06-04 14:29:07.332 -0400	Throw		ImageTextNotFoundException:  - 1:not found	17	function_isimagetextfound	Common/check.script
2024-06-04 14:29:07.362 -0400	LogError		isImageTextFound failed: 1:not found	2	on_cerror	Common/cLog.script
2024-06-04 14:29:07.387 -0400	Throw		ImageTextNotFoundException:  - 1:not found	26	function_isimagetextfound	Common/check.script
2024-06-04 14:29:07.423 -0400	LogError		validation of Node Placement failed:1:not found	2	on_cerror	Common/cLog.script
2024-06-04 14:29:07.444 -0400	Throw		ImageTextNotFoundException:  - 1:not found	15	on_nodesplacement	Common/check.script
2024-06-04 14:29:07.490 -0400	LogError		addNodes failed: 1:not found	2	on_cerror	Common/cLog.script
2024-06-04 14:29:07.520 -0400	Throw		ImageTextNotFoundException:  - 1:not found	63	on_addnodes	EXataGUI/actions/canvas.script
2024-06-04 14:29:07.557 -0400	LogError		 Error in Running closeUnsavedScenario TestCase	2	on_cerror	Common/cLog.script
2024-06-04 14:29:07.577 -0400	Throw		ImageTextNotFoundException:  - 1:not found	25	on_closeunsavedscenario	TestCases/Regular/closeUnsavedScenario.script
2024-06-04 14:29:07.583 -0400	EndTestCase		(Duration:"54.39", Errors:"6", Exceptions:"5", StartTime:"2024-06-04 14:28:13 -0400", Successes:"1", TestCase:"closeUnsavedScenario", Warnings:"0")	22	on_startregulartests	TestCases/Regular/testLauncher.script
2024-06-04 14:29:07.586 -0400	EndTestCase		(Duration:"54.409", Errors:"6", Exceptions:"5", StartTime:"2024-06-04 14:28:13 -0400", Successes:"1", TestCase:"TestCases/Regular/closeUnsavedScenario.script", Warnings:"0")	22	on_startregulartests	TestCases/Regular/testLauncher.script
2024-06-04 14:29:07.682 -0400	FAILURE	Screen_Error.png	ImageTextNotFoundException: : 1:not found -- Execution Time 0:00:54 TestCases/Regular/closeUnsavedScenario.script	22	on_startregulartests	TestCases/Regular/testLauncher.script
